<?xml version="1.0" encoding="UTF-8"?>
<!-- Generated by org.testng.reporters.JUnitReportReporter -->
<testsuite hostname="sys" name="com.orangehrm.baseclass.Login" tests="2" failures="0" timestamp="18 Dec 2015 04:51:14 GMT" time="67.324" errors="0">
  <testcase name="loginTest" time="44.343" classname="com.orangehrm.baseclass.Login"/>
  <testcase name="loginTest" time="22.981" classname="com.orangehrm.baseclass.Login"/>
</testsuite> <!-- com.orangehrm.baseclass.Login -->
