<?xml version="1.0" encoding="UTF-8"?>
<!-- Generated by org.testng.reporters.JUnitReportReporter -->
<testsuite hostname="sys" name="day16.SliderAutomation" tests="1" failures="0" timestamp="26 Nov 2015 04:56:37 GMT" time="82.635" errors="0">
  <testcase name="sliderTest" time="82.635" classname="day16.SliderAutomation"/>
</testsuite> <!-- day16.SliderAutomation -->
