<?xml version="1.0" encoding="UTF-8"?>
<!-- Generated by org.testng.reporters.JUnitReportReporter -->
<testsuite hostname="sys" name="day11.ElementOccurance" tests="1" failures="0" timestamp="19 Nov 2015 05:18:26 GMT" time="15.845" errors="0">
  <testcase name="occuranceTest" time="15.845" classname="day11.ElementOccurance"/>
</testsuite> <!-- day11.ElementOccurance -->
