<?xml version="1.0" encoding="UTF-8"?>
<!-- Generated by org.testng.reporters.JUnitReportReporter -->
<testsuite hostname="sys" name="day16.DragandDrop" tests="1" failures="0" timestamp="26 Nov 2015 04:37:13 GMT" time="21.585" errors="0">
  <testcase name="dragandDropTest" time="21.585" classname="day16.DragandDrop"/>
</testsuite> <!-- day16.DragandDrop -->
