<?xml version="1.0" encoding="UTF-8"?>
<!-- Generated by org.testng.reporters.JUnitReportReporter -->
<testsuite hostname="sys" name="day17.WebtableTesting1" tests="2" failures="0" timestamp="27 Nov 2015 04:22:06 GMT" time="34.803" errors="0">
  <testcase name="webtableTest" time="28.048" classname="day17.WebtableTesting1"/>
  <testcase name="loginTest" time="6.755" classname="day17.WebtableTesting1"/>
</testsuite> <!-- day17.WebtableTesting1 -->
