<?xml version="1.0" encoding="UTF-8"?>
<!-- Generated by org.testng.reporters.JUnitReportReporter -->
<testsuite hostname="sys" name="day25.DataProviderExcel" tests="5" failures="0" timestamp="8 Dec 2015 05:01:13 GMT" time="315.609" errors="0">
  <testcase name="loginTest" time="44.690" classname="day25.DataProviderExcel"/>
  <testcase name="loginTest" time="61.442" classname="day25.DataProviderExcel"/>
  <testcase name="loginTest" time="31.502" classname="day25.DataProviderExcel"/>
  <testcase name="loginTest" time="97.462" classname="day25.DataProviderExcel"/>
  <testcase name="loginTest" time="80.513" classname="day25.DataProviderExcel"/>
</testsuite> <!-- day25.DataProviderExcel -->
