<?xml version="1.0" encoding="UTF-8"?>
<!-- Generated by org.testng.reporters.JUnitReportReporter -->
<testsuite hostname="sys" name="day15.MultipleWindows1" tests="1" failures="0" timestamp="25 Nov 2015 04:28:00 GMT" time="38.621" errors="0">
  <testcase name="multipleWindowTest" time="38.621" classname="day15.MultipleWindows1"/>
</testsuite> <!-- day15.MultipleWindows1 -->
