<?xml version="1.0" encoding="UTF-8"?>
<!-- Generated by org.testng.reporters.JUnitReportReporter -->
<testsuite hostname="sys" name="day12.XpathCreation1" tests="1" failures="0" timestamp="20 Nov 2015 04:39:35 GMT" time="20.359" errors="0">
  <testcase name="xpathTest" time="20.359" classname="day12.XpathCreation1"/>
</testsuite> <!-- day12.XpathCreation1 -->
