<?xml version="1.0" encoding="UTF-8"?>
<!-- Generated by org.testng.reporters.JUnitReportReporter -->
<testsuite hostname="sys" name="day20.Addemployee" tests="1" failures="0" timestamp="14 Dec 2015 04:22:26 GMT" time="12.488" errors="0">
  <testcase name="addEmployeeTest" time="12.488" classname="day20.Addemployee"/>
</testsuite> <!-- day20.Addemployee -->
