<?xml version="1.0" encoding="UTF-8"?>
<!-- Generated by org.testng.reporters.JUnitReportReporter -->
<testsuite hostname="sys" name="day26.DB_DatadrivenTesting" tests="1" failures="0" timestamp="11 Dec 2015 05:12:55 GMT" time="37.916" errors="0">
  <testcase name="registrationTest" time="37.916" classname="day26.DB_DatadrivenTesting"/>
</testsuite> <!-- day26.DB_DatadrivenTesting -->
