<?xml version="1.0" encoding="UTF-8"?>
<!-- Generated by org.testng.reporters.JUnitReportReporter -->
<testsuite hostname="sys" name="day16.RightClick" tests="1" failures="0" timestamp="26 Nov 2015 04:26:26 GMT" time="22.983" errors="0">
  <testcase name="rightClickTest" time="22.983" classname="day16.RightClick"/>
</testsuite> <!-- day16.RightClick -->
