<?xml version="1.0" encoding="UTF-8"?>
<!-- Generated by org.testng.reporters.JUnitReportReporter -->
<testsuite hostname="sys" name="day16.DynamicCSS" tests="1" failures="0" timestamp="26 Nov 2015 05:15:30 GMT" time="26.450" errors="0">
  <testcase name="CSSTest" time="26.450" classname="day16.DynamicCSS"/>
</testsuite> <!-- day16.DynamicCSS -->
