<?xml version="1.0" encoding="UTF-8"?>
<!-- Generated by org.testng.reporters.JUnitReportReporter -->
<testsuite hostname="sys" name="day19.DatadrivenTesting1" tests="1" failures="0" timestamp="30 Nov 2015 04:35:42 GMT" time="83.573" errors="0">
  <testcase name="linksTest" time="83.573" classname="day19.DatadrivenTesting1"/>
</testsuite> <!-- day19.DatadrivenTesting1 -->
