<?xml version="1.0" encoding="UTF-8"?>
<!-- Generated by org.testng.reporters.JUnitReportReporter -->
<testsuite hostname="sys" name="day14.Explicitwait_Fluentwait$ExplicitWait_webdriverwait" tests="1" failures="0" timestamp="23 Nov 2015 05:00:23 GMT" time="38.072" errors="0">
  <testcase name="waitTest" time="38.072" classname="day14.Explicitwait_Fluentwait$ExplicitWait_webdriverwait"/>
</testsuite> <!-- day14.Explicitwait_Fluentwait$ExplicitWait_webdriverwait -->
