<?xml version="1.0" encoding="UTF-8"?>
<!-- Generated by org.testng.reporters.JUnitReportReporter -->
<testsuite hostname="sys" name="day13.Xpaths" tests="1" failures="0" timestamp="21 Nov 2015 04:24:50 GMT" time="30.151" errors="0">
  <testcase name="xpathTest" time="30.151" classname="day13.Xpaths"/>
</testsuite> <!-- day13.Xpaths -->
