<?xml version="1.0" encoding="UTF-8"?>
<!-- Generated by org.testng.reporters.JUnitReportReporter -->
<testsuite hostname="sys" name="day24.LinksonGrid" tests="2" failures="0" timestamp="7 Dec 2015 05:01:26 GMT" time="260.555" errors="0">
  <testcase name="linkstest" time="196.793" classname="day24.LinksonGrid"/>
  <testcase name="linkstest" time="63.762" classname="day24.LinksonGrid"/>
</testsuite> <!-- day24.LinksonGrid -->
