<?xml version="1.0" encoding="UTF-8"?>
<!-- Generated by org.testng.reporters.JUnitReportReporter -->
<testsuite hostname="sys" name="day21.LoginusingProperties" tests="1" failures="0" timestamp="2 Dec 2015 04:19:00 GMT" time="27.521" errors="0">
  <testcase name="loginTest" time="27.521" classname="day21.LoginusingProperties"/>
</testsuite> <!-- day21.LoginusingProperties -->
