<?xml version="1.0" encoding="UTF-8"?>
<!-- Generated by org.testng.reporters.JUnitReportReporter -->
<testsuite hostname="sys" name="day12.XpathCreation2" tests="1" failures="0" timestamp="20 Nov 2015 04:54:22 GMT" time="32.331" errors="0">
  <testcase name="xpathTest" time="32.331" classname="day12.XpathCreation2"/>
</testsuite> <!-- day12.XpathCreation2 -->
