<?xml version="1.0" encoding="UTF-8"?>
<!-- Generated by org.testng.reporters.JUnitReportReporter -->
<testsuite hostname="sys" name="day15.FrameTesting" tests="1" failures="0" timestamp="25 Nov 2015 05:04:26 GMT" time="29.994" errors="0">
  <testcase name="framesTest" time="29.994" classname="day15.FrameTesting"/>
</testsuite> <!-- day15.FrameTesting -->
