<?xml version="1.0" encoding="UTF-8"?>
<!-- Generated by org.testng.reporters.JUnitReportReporter -->
<testsuite hostname="sys" name="day23.OrangeHRMLoginOnGrid" tests="1" failures="0" timestamp="4 Dec 2015 04:53:34 GMT" time="14.606" errors="0">
  <testcase name="loginTest" time="14.606" classname="day23.OrangeHRMLoginOnGrid"/>
</testsuite> <!-- day23.OrangeHRMLoginOnGrid -->
