<?xml version="1.0" encoding="UTF-8"?>
<!-- Generated by org.testng.reporters.JUnitReportReporter -->
<testsuite hostname="sys" name="day11.Sample" tests="2" failures="0" timestamp="19 Nov 2015 05:03:58 GMT" time="0.044" errors="0">
  <testcase name="loginTest" time="0.018" classname="day11.Sample"/>
  <testcase name="registation" time="0.026" classname="day11.Sample"/>
</testsuite> <!-- day11.Sample -->
