<?xml version="1.0" encoding="UTF-8"?>
<!-- Generated by org.testng.reporters.JUnitReportReporter -->
<testsuite hostname="sys" name="day20.Logout" tests="1" failures="0" timestamp="14 Dec 2015 04:22:26 GMT" time="2.571" errors="0">
  <testcase name="logoutTest" time="2.571" classname="day20.Logout"/>
</testsuite> <!-- day20.Logout -->
