<?xml version="1.0" encoding="UTF-8"?>
<!-- Generated by org.testng.reporters.JUnitReportReporter -->
<testsuite hostname="sys" name="day14.SleeperClassExample" tests="1" failures="0" timestamp="23 Nov 2015 05:11:46 GMT" time="10.040" errors="0">
  <testcase name="sampleTest" time="10.040" classname="day14.SleeperClassExample"/>
</testsuite> <!-- day14.SleeperClassExample -->
