<?xml version="1.0" encoding="UTF-8"?>
<!-- Generated by org.testng.reporters.JUnitReportReporter -->
<testsuite hostname="sys" name="day14.ImplicitWait" tests="1" failures="0" timestamp="23 Nov 2015 04:18:52 GMT" time="46.092" errors="0">
  <testcase name="waitTest" time="46.092" classname="day14.ImplicitWait"/>
</testsuite> <!-- day14.ImplicitWait -->
