<?xml version="1.0" encoding="UTF-8"?>
<!-- Generated by org.testng.reporters.JUnitReportReporter -->
<testsuite hostname="sys" name="day17.WebtableTesting_Calander" tests="1" failures="0" timestamp="27 Nov 2015 05:12:42 GMT" time="71.575" errors="0">
  <testcase name="calanderTest" time="71.575" classname="day17.WebtableTesting_Calander"/>
</testsuite> <!-- day17.WebtableTesting_Calander -->
