<?xml version="1.0" encoding="UTF-8"?>
<!-- Generated by org.testng.reporters.JUnitReportReporter -->
<testsuite hostname="sys" name="day18.ExcelLinks" tests="1" failures="0" timestamp="28 Nov 2015 05:07:20 GMT" time="95.834" errors="0">
  <testcase name="linksExcelTest" time="95.834" classname="day18.ExcelLinks"/>
</testsuite> <!-- day18.ExcelLinks -->
