<?xml version="1.0" encoding="UTF-8"?>
<!-- Generated by org.testng.reporters.JUnitReportReporter -->
<testsuite hostname="sys" name="day19.DatadrivenTesting2" tests="2" failures="0" timestamp="30 Nov 2015 05:33:04 GMT" time="46.729" errors="0">
  <testcase name="webtableTest" time="40.057" classname="day19.DatadrivenTesting2"/>
  <testcase name="loginTest" time="6.672" classname="day19.DatadrivenTesting2"/>
</testsuite> <!-- day19.DatadrivenTesting2 -->
