<?xml version="1.0" encoding="UTF-8"?>
<!-- Generated by org.testng.reporters.JUnitReportReporter -->
<testsuite hostname="sys" name="day21.LoginusingKeywords" tests="1" failures="0" timestamp="2 Dec 2015 04:55:03 GMT" time="25.721" errors="0">
  <testcase name="loginTest" time="25.721" classname="day21.LoginusingKeywords"/>
</testsuite> <!-- day21.LoginusingKeywords -->
