<?xml version="1.0" encoding="UTF-8"?>
<!-- Generated by org.testng.reporters.JUnitReportReporter -->
<testsuite hostname="sys" name="day29.AjaxAutosuggestions" tests="1" failures="0" timestamp="16 Dec 2015 05:31:24 GMT" time="25.986" errors="0">
  <testcase name="ajaxTest" time="25.986" classname="day29.AjaxAutosuggestions"/>
</testsuite> <!-- day29.AjaxAutosuggestions -->
