<?xml version="1.0" encoding="UTF-8"?>
<!-- Generated by org.testng.reporters.JUnitReportReporter -->
<testsuite hostname="sys" name="day27.TestCase1" tests="1" failures="0" timestamp="12 Dec 2015 04:52:16 GMT" time="40.031" errors="0">
  <testcase name="testCase" time="40.031" classname="day27.TestCase1"/>
</testsuite> <!-- day27.TestCase1 -->
