<?xml version="1.0" encoding="UTF-8"?>
<!-- Generated by org.testng.reporters.JUnitReportReporter -->
<testsuite hostname="sys" name="day25.LoginonGridUingDataProvider" tests="2" failures="0" timestamp="8 Dec 2015 04:31:11 GMT" time="52.827" errors="0">
  <testcase name="loginTest" time="19.774" classname="day25.LoginonGridUingDataProvider"/>
  <testcase name="loginTest" time="33.053" classname="day25.LoginonGridUingDataProvider"/>
</testsuite> <!-- day25.LoginonGridUingDataProvider -->
