<?xml version="1.0" encoding="UTF-8"?>
<!-- Generated by org.testng.reporters.JUnitReportReporter -->
<testsuite hostname="sys" name="day14.ExplicitWait_webdriverwait" tests="1" failures="0" timestamp="23 Nov 2015 04:34:53 GMT" time="61.419" errors="0">
  <testcase name="waitTest" time="61.419" classname="day14.ExplicitWait_webdriverwait"/>
</testsuite> <!-- day14.ExplicitWait_webdriverwait -->
