<?xml version="1.0" encoding="UTF-8"?>
<!-- Generated by org.testng.reporters.JUnitReportReporter -->
<testsuite hostname="sys" name="day15.CookiesTesting" tests="1" failures="0" timestamp="25 Nov 2015 05:18:37 GMT" time="56.480" errors="0">
  <testcase name="cookiesTest" time="56.480" classname="day15.CookiesTesting"/>
</testsuite> <!-- day15.CookiesTesting -->
