<?xml version="1.0" encoding="UTF-8"?>
<!-- Generated by org.testng.reporters.JUnitReportReporter -->
<testsuite hostname="sys" name="day16.MouseHover" tests="1" failures="0" timestamp="26 Nov 2015 04:15:21 GMT" time="54.461" errors="0">
  <testcase name="mouseHoverTest" time="54.461" classname="day16.MouseHover"/>
</testsuite> <!-- day16.MouseHover -->
