<?xml version="1.0" encoding="UTF-8"?>
<!-- Generated by org.testng.reporters.JUnitReportReporter -->
<testsuite hostname="sys" name="day13.XpathTesting" tests="1" failures="0" timestamp="21 Nov 2015 04:11:49 GMT" time="40.831" errors="0">
  <testcase name="xpathTest" time="40.831" classname="day13.XpathTesting"/>
</testsuite> <!-- day13.XpathTesting -->
